This is pdfeTeX, Version 3.141592-1.21a-2.2 (Web2C 7.5.4) (format=latex 2015.3.24)  29 DEC 2020 12:57
entering extended mode
**usersManual.tex
(./usersManual.tex
LaTeX2e <2003/12/01>
Babel <v3.8d> and hyphenation patterns for american, french, german, ngerman, b
ahasa, basque, bulgarian, catalan, croatian, czech, danish, dutch, esperanto, e
stonian, finnish, greek, icelandic, irish, italian, latin, magyar, norsk, polis
h, portuges, romanian, russian, serbian, slovak, slovene, spanish, swedish, tur
kish, ukrainian, nohyphenation, loaded.
(/usr/share/texmf/tex/latex/base/report.cls
Document Class: report 2004/02/16 v1.4f Standard LaTeX document class
(/usr/share/texmf/tex/latex/base/size11.clo
File: size11.clo 2004/02/16 v1.4f Standard LaTeX file (size option)
)
\c@part=\count79
\c@chapter=\count80
\c@section=\count81
\c@subsection=\count82
\c@subsubsection=\count83
\c@paragraph=\count84
\c@subparagraph=\count85
\c@figure=\count86
\c@table=\count87
\abovecaptionskip=\skip41
\belowcaptionskip=\skip42
\bibindent=\dimen102
)
(/usr/share/texmf/tex/latex/amsfonts/amssymb.sty
Package: amssymb 2002/01/22 v2.2d

(/usr/share/texmf/tex/latex/amsfonts/amsfonts.sty
Package: amsfonts 2001/10/25 v2.2f
\@emptytoks=\toks14
\symAMSa=\mathgroup4
\symAMSb=\mathgroup5
LaTeX Font Info:    Overwriting math alphabet `\mathfrak' in version `bold'
(Font)                  U/euf/m/n --> U/euf/b/n on input line 132.
))
(/usr/share/texmf/tex/latex/graphics/epsfig.sty
Package: epsfig 1999/02/16 v1.7a (e)psfig emulation (SPQR)

(/usr/share/texmf/tex/latex/graphics/graphicx.sty
Package: graphicx 1999/02/16 v1.0f Enhanced LaTeX Graphics (DPC,SPQR)

(/usr/share/texmf/tex/latex/graphics/keyval.sty
Package: keyval 1999/03/16 v1.13 key=value parser (DPC)
\KV@toks@=\toks15
)
(/usr/share/texmf/tex/latex/graphics/graphics.sty
Package: graphics 2001/07/07 v1.0n Standard LaTeX Graphics (DPC,SPQR)

(/usr/share/texmf/tex/latex/graphics/trig.sty
Package: trig 1999/03/16 v1.09 sin cos tan (DPC)
)
(/usr/share/texmf/tex/latex/graphics/graphics.cfg
File: graphics.cfg 2005/02/03 v1.3 graphics configuration of teTeX/TeXLive
)
Package graphics Info: Driver file: dvips.def on input line 80.

(/usr/share/texmf/tex/latex/graphics/dvips.def
File: dvips.def 1999/02/16 v3.0i Driver-dependant file (DPC,SPQR)
))
\Gin@req@height=\dimen103
\Gin@req@width=\dimen104
)
\epsfxsize=\dimen105
\epsfysize=\dimen106
) (./usersManual.aux)
\openout1 = `usersManual.aux'.

LaTeX Font Info:    Checking defaults for OML/cmm/m/it on input line 9.
LaTeX Font Info:    ... okay on input line 9.
LaTeX Font Info:    Checking defaults for T1/cmr/m/n on input line 9.
LaTeX Font Info:    ... okay on input line 9.
LaTeX Font Info:    Checking defaults for OT1/cmr/m/n on input line 9.
LaTeX Font Info:    ... okay on input line 9.
LaTeX Font Info:    Checking defaults for OMS/cmsy/m/n on input line 9.
LaTeX Font Info:    ... okay on input line 9.
LaTeX Font Info:    Checking defaults for OMX/cmex/m/n on input line 9.
LaTeX Font Info:    ... okay on input line 9.
LaTeX Font Info:    Checking defaults for U/cmr/m/n on input line 9.
LaTeX Font Info:    ... okay on input line 9.
LaTeX Font Info:    Try loading font information for U+msa on input line 11.

(/usr/share/texmf/tex/latex/amsfonts/umsa.fd
File: umsa.fd 2002/01/19 v2.2g AMS font definitions
)
LaTeX Font Info:    Try loading font information for U+msb on input line 11.

(/usr/share/texmf/tex/latex/amsfonts/umsb.fd
File: umsb.fd 2002/01/19 v2.2g AMS font definitions
) [1

]
\c@lemma=\count88
\c@proposition=\count89
\c@theorem=\count90
\c@corollary=\count91
\c@algorithm=\count92
\c@definition=\count93
\c@example=\count94
LaTeX Font Info:    Try loading font information for OMS+cmr on input line 26.

(/usr/share/texmf/tex/latex/base/omscmr.fd
File: omscmr.fd 1999/05/25 v2.5h Standard LaTeX font definitions
)
LaTeX Font Info:    Font shape `OMS/cmr/m/n' in size <10.95> not available
(Font)              Font shape `OMS/cmsy/m/n' tried instead on input line 26.
 [1] (./usersManual.toc)
\tf@toc=\write3
\openout3 = `usersManual.toc'.

 [2

]
Chapter 1.
File: Eps/contexts.eps Graphic file (type eps)
<Eps/contexts.eps> [3

]
Overfull \hbox (11.7864pt too wide) in paragraph at lines 84--86
[]\OT1/cmr/m/it/10.95 The copy length for a given
 []


Overfull \hbox (13.2206pt too wide) in paragraph at lines 88--91
[]\OT1/cmr/m/it/10.95 The num-ber of leaves
 []


Overfull \hbox (12.39629pt too wide) in paragraph at lines 93--95
[]\OT1/cmr/m/it/10.95 The av-er-age copy
 []

[4]
Overfull \hbox (20.50935pt too wide) in paragraph at lines 97--99
\OT1/cmr/m/it/10.95 quence $\OT1/cmr/m/n/10.95 011010011010$\OT1/cmr/m/it/10.95
 . The con-text set is then $\OMS/cmsy/m/n/10.95 f\OML/cmm/m/it/10.95 ^^U; \OT1
/cmr/m/n/10.95 0\OML/cmm/m/it/10.95 ; \OT1/cmr/m/n/10.95 10\OML/cmm/m/it/10.95 
; \OT1/cmr/m/n/10.95 010\OML/cmm/m/it/10.95 ; \OT1/cmr/m/n/10.95 1010\OML/cmm/m
/it/10.95 ; \OT1/cmr/m/n/10.95 11010\OML/cmm/m/it/10.95 ; \OT1/cmr/m/n/10.95 01
1010\OMS/cmsy/m/n/10.95 g$\OT1/cmr/m/it/10.95 ,
 []

File: Eps/stree1.eps Graphic file (type eps)
<Eps/stree1.eps>
Overfull \hbox (2.59949pt too wide) in paragraph at lines 107--117
 [] 
 []

[5]
Chapter 2.
[6

] (./usersManual.aux) ) 
Here is how much of TeX's memory you used:
 960 strings out of 94501
 10982 string characters out of 1176789
 58200 words of memory out of 1000000
 4149 multiletter control sequences out of 10000+50000
 12965 words of font info for 48 fonts, out of 500000 for 2000
 580 hyphenation exceptions out of 1000
 32i,7n,24p,494b,232s stack positions out of 1500i,500n,5000p,200000b,5000s

Output written on usersManual.dvi (7 pages, 11216 bytes).
